<?xml version="1.0" encoding="UTF-8"?>
<!-- Generated by org.testng.reporters.JUnitReportReporter -->
<testsuite skipped="0" hostname="DESKTOP-KQF1J40" name="Initial.background_runner" tests="1" failures="0" timestamp="15 Apr 2019 11:02:30 GMT" time="15.291" errors="0">
  <testcase name="feature" time="15.291" classname="Initial.background_runner"/>
</testsuite> <!-- Initial.background_runner -->
